/*C2*/SET SCHEMA PUBLIC
DELETE FROM BOOK WHERE ISBN='9780143133605'
DELETE FROM BOOK WHERE ISBN='9780393609394'
DELETE FROM BOOK WHERE ISBN='9780525564201'
DELETE FROM BOOK WHERE ISBN='9780593086865'
DELETE FROM BOOK WHERE ISBN='9780593197066'
DELETE FROM BOOK WHERE ISBN='9780593328972'
DELETE FROM BOOK WHERE ISBN='9780593334324'
DELETE FROM BOOK WHERE ISBN='9781119551416'
DELETE FROM BOOK WHERE ISBN='9781451686579'
SET SCHEMA SYSTEM_LOBS
DELETE FROM LOB_IDS WHERE LOB_ID=8
INSERT INTO LOB_IDS VALUES(8,151,0,40)
DELETE FROM LOB_IDS WHERE LOB_ID=3
INSERT INTO LOB_IDS VALUES(3,223,0,40)
DELETE FROM LOB_IDS WHERE LOB_ID=11
INSERT INTO LOB_IDS VALUES(11,147,0,40)
DELETE FROM LOB_IDS WHERE LOB_ID=7
INSERT INTO LOB_IDS VALUES(7,200,0,40)
DELETE FROM LOB_IDS WHERE LOB_ID=9
INSERT INTO LOB_IDS VALUES(9,192,0,40)
DELETE FROM LOB_IDS WHERE LOB_ID=5
INSERT INTO LOB_IDS VALUES(5,216,0,40)
DELETE FROM LOB_IDS WHERE LOB_ID=10
INSERT INTO LOB_IDS VALUES(10,140,0,40)
DELETE FROM LOB_IDS WHERE LOB_ID=2
INSERT INTO LOB_IDS VALUES(2,256,0,40)
DELETE FROM LOB_IDS WHERE LOB_ID=4
INSERT INTO LOB_IDS VALUES(4,166,0,40)
COMMIT
/*C1*/SET SCHEMA SYSTEM_LOBS
INSERT INTO LOB_IDS VALUES(14,267,0,40)
ALTER SEQUENCE SYSTEM_LOBS.LOB_ID RESTART WITH 15
COMMIT
DELETE FROM BLOCKS WHERE BLOCK_ADDR=13
INSERT INTO BLOCKS VALUES(13,1,0)
INSERT INTO BLOCKS VALUES(14,2147483633,0)
DELETE FROM BLOCKS WHERE BLOCK_ADDR=13
INSERT INTO LOBS VALUES(13,1,0,14)
COMMIT
INSERT INTO LOB_IDS VALUES(15,256,0,40)
ALTER SEQUENCE SYSTEM_LOBS.LOB_ID RESTART WITH 16
COMMIT
DELETE FROM BLOCKS WHERE BLOCK_ADDR=14
INSERT INTO BLOCKS VALUES(14,1,0)
INSERT INTO BLOCKS VALUES(15,2147483632,0)
DELETE FROM BLOCKS WHERE BLOCK_ADDR=14
INSERT INTO LOBS VALUES(14,1,0,15)
COMMIT
INSERT INTO LOB_IDS VALUES(16,223,0,40)
ALTER SEQUENCE SYSTEM_LOBS.LOB_ID RESTART WITH 17
COMMIT
DELETE FROM BLOCKS WHERE BLOCK_ADDR=15
INSERT INTO BLOCKS VALUES(15,1,0)
INSERT INTO BLOCKS VALUES(16,2147483631,0)
DELETE FROM BLOCKS WHERE BLOCK_ADDR=15
INSERT INTO LOBS VALUES(15,1,0,16)
COMMIT
INSERT INTO LOB_IDS VALUES(17,166,0,40)
ALTER SEQUENCE SYSTEM_LOBS.LOB_ID RESTART WITH 18
COMMIT
DELETE FROM BLOCKS WHERE BLOCK_ADDR=16
INSERT INTO BLOCKS VALUES(16,1,0)
INSERT INTO BLOCKS VALUES(17,2147483630,0)
DELETE FROM BLOCKS WHERE BLOCK_ADDR=16
INSERT INTO LOBS VALUES(16,1,0,17)
COMMIT
INSERT INTO LOB_IDS VALUES(18,216,0,40)
ALTER SEQUENCE SYSTEM_LOBS.LOB_ID RESTART WITH 19
COMMIT
DELETE FROM BLOCKS WHERE BLOCK_ADDR=17
INSERT INTO BLOCKS VALUES(17,1,0)
INSERT INTO BLOCKS VALUES(18,2147483629,0)
DELETE FROM BLOCKS WHERE BLOCK_ADDR=17
INSERT INTO LOBS VALUES(17,1,0,18)
COMMIT
INSERT INTO LOB_IDS VALUES(19,147,0,40)
ALTER SEQUENCE SYSTEM_LOBS.LOB_ID RESTART WITH 20
COMMIT
DELETE FROM BLOCKS WHERE BLOCK_ADDR=18
INSERT INTO BLOCKS VALUES(18,1,0)
INSERT INTO BLOCKS VALUES(19,2147483628,0)
DELETE FROM BLOCKS WHERE BLOCK_ADDR=18
INSERT INTO LOBS VALUES(18,1,0,19)
COMMIT
INSERT INTO LOB_IDS VALUES(20,200,0,40)
ALTER SEQUENCE SYSTEM_LOBS.LOB_ID RESTART WITH 21
COMMIT
DELETE FROM BLOCKS WHERE BLOCK_ADDR=19
INSERT INTO BLOCKS VALUES(19,1,0)
INSERT INTO BLOCKS VALUES(20,2147483627,0)
DELETE FROM BLOCKS WHERE BLOCK_ADDR=19
INSERT INTO LOBS VALUES(19,1,0,20)
COMMIT
INSERT INTO LOB_IDS VALUES(21,151,0,40)
ALTER SEQUENCE SYSTEM_LOBS.LOB_ID RESTART WITH 22
COMMIT
DELETE FROM BLOCKS WHERE BLOCK_ADDR=20
INSERT INTO BLOCKS VALUES(20,1,0)
INSERT INTO BLOCKS VALUES(21,2147483626,0)
DELETE FROM BLOCKS WHERE BLOCK_ADDR=20
INSERT INTO LOBS VALUES(20,1,0,21)
COMMIT
INSERT INTO LOB_IDS VALUES(22,192,0,40)
ALTER SEQUENCE SYSTEM_LOBS.LOB_ID RESTART WITH 23
COMMIT
DELETE FROM BLOCKS WHERE BLOCK_ADDR=21
INSERT INTO BLOCKS VALUES(21,1,0)
INSERT INTO BLOCKS VALUES(22,2147483625,0)
DELETE FROM BLOCKS WHERE BLOCK_ADDR=21
INSERT INTO LOBS VALUES(21,1,0,22)
COMMIT
INSERT INTO LOB_IDS VALUES(23,140,0,40)
ALTER SEQUENCE SYSTEM_LOBS.LOB_ID RESTART WITH 24
COMMIT
DELETE FROM BLOCKS WHERE BLOCK_ADDR=22
INSERT INTO BLOCKS VALUES(22,1,0)
INSERT INTO BLOCKS VALUES(23,2147483624,0)
DELETE FROM BLOCKS WHERE BLOCK_ADDR=22
INSERT INTO LOBS VALUES(22,1,0,23)
COMMIT
/*C2*/SET SCHEMA PUBLIC
INSERT INTO BOOK VALUES('9781250128546','Love Warrior',14,'Glennon Doyle Melton','Non-Fiction',2016,'john@gmail.com')
INSERT INTO BOOK VALUES('9781119551416','Testing Business Ideas',15,'David J. Bland','Non-Fiction',2019,'john@gmail.com')
INSERT INTO BOOK VALUES('9780393609394','Astrophysics for People in a Hurry',16,'Neil deGrasse Tyson','Non-Fiction',2017,'john@gmail.com')
INSERT INTO BOOK VALUES('9781451686579','Contagious: Why Things Catch On',17,'Jonah Berger','Non-Fiction',2013,'john@gmail.com')
INSERT INTO BOOK VALUES('9780593328972','The Practice: Shipping Creative Work',18,'Seth Godin','Non-Fiction',2020,'john@gmail.com')
INSERT INTO BOOK VALUES('9780525564201','My Sister, the Serial Killer',19,'Oyinkan Braithwaite','Fiction',2019,'john@gmail.com')
INSERT INTO BOOK VALUES('9780593086865','Blue Flowers',20,'Carola Saavedra','Fiction',2021,'john@gmail.com')
INSERT INTO BOOK VALUES('9780143133605','The New Me',21,'Halle Butler','Fiction',2019,'john@gmail.com')
INSERT INTO BOOK VALUES('9780593197066','Dying in a Winter Wonderland',22,'Vicki Delany','Fiction',2020,'john@gmail.com')
INSERT INTO BOOK VALUES('9780593334324','The Stand-Up Groomsman',23,'Jackie Lau','Fiction',2022,'john@gmail.com')
SET SCHEMA SYSTEM_LOBS
DELETE FROM LOB_IDS WHERE LOB_ID=14
INSERT INTO LOB_IDS VALUES(14,267,1,40)
DELETE FROM LOB_IDS WHERE LOB_ID=15
INSERT INTO LOB_IDS VALUES(15,256,1,40)
DELETE FROM LOB_IDS WHERE LOB_ID=16
INSERT INTO LOB_IDS VALUES(16,223,1,40)
DELETE FROM LOB_IDS WHERE LOB_ID=17
INSERT INTO LOB_IDS VALUES(17,166,1,40)
DELETE FROM LOB_IDS WHERE LOB_ID=18
INSERT INTO LOB_IDS VALUES(18,216,1,40)
DELETE FROM LOB_IDS WHERE LOB_ID=19
INSERT INTO LOB_IDS VALUES(19,147,1,40)
DELETE FROM LOB_IDS WHERE LOB_ID=20
INSERT INTO LOB_IDS VALUES(20,200,1,40)
DELETE FROM LOB_IDS WHERE LOB_ID=21
INSERT INTO LOB_IDS VALUES(21,151,1,40)
DELETE FROM LOB_IDS WHERE LOB_ID=22
INSERT INTO LOB_IDS VALUES(22,192,1,40)
DELETE FROM LOB_IDS WHERE LOB_ID=23
INSERT INTO LOB_IDS VALUES(23,140,1,40)
COMMIT
/*C7*/SET SCHEMA PUBLIC
DISCONNECT
/*C3*/SET SCHEMA PUBLIC
DISCONNECT
/*C5*/SET SCHEMA PUBLIC
DISCONNECT
/*C4*/SET SCHEMA PUBLIC
DISCONNECT
/*C6*/SET SCHEMA PUBLIC
DISCONNECT
